# Logfile created on 2014-10-07 07:53:27 -0400 by logger.rb/31641
D, [2014-10-07T07:53:27.075515 #18430] DEBUG -- : REQUESTING PAGE: GET / with {} and HTTP headers {}
D, [2014-10-07T07:55:28.016342 #18518] DEBUG -- : REQUESTING PAGE: GET / with {} and HTTP headers {}
D, [2014-10-07T07:57:32.248821 #18600] DEBUG -- : REQUESTING PAGE: GET / with {} and HTTP headers {}
D, [2014-10-07T07:58:23.932036 #18672] DEBUG -- : REQUESTING PAGE: GET / with {} and HTTP headers {}
D, [2014-10-07T08:00:04.650428 #18757] DEBUG -- : REQUESTING PAGE: GET / with {} and HTTP headers {}
D, [2014-10-07T08:00:53.478898 #18829] DEBUG -- : REQUESTING PAGE: GET / with {} and HTTP headers {}
D, [2014-10-07T08:01:51.014185 #18901] DEBUG -- : REQUESTING PAGE: GET / with {} and HTTP headers {}
D, [2014-10-07T08:01:51.056333 #18901] DEBUG -- : REQUESTING PAGE: POST /hola with {"nombre"=>"Israel"} and HTTP headers {"HTTP_REFERER"=>"/"}
D, [2014-10-07T08:04:21.611831 #18996] DEBUG -- : REQUESTING PAGE: GET / with {} and HTTP headers {}
D, [2014-10-07T08:04:21.650941 #18996] DEBUG -- : REQUESTING PAGE: POST /hola with {"nombre"=>"Israel"} and HTTP headers {"HTTP_REFERER"=>"/"}
D, [2014-10-07T08:07:40.830983 #19086] DEBUG -- : REQUESTING PAGE: GET / with {} and HTTP headers {}
D, [2014-10-07T08:07:40.868741 #19086] DEBUG -- : REQUESTING PAGE: POST /hola with {"nombre"=>"Israel"} and HTTP headers {"HTTP_REFERER"=>"/"}
D, [2014-10-07T08:09:03.438137 #19168] DEBUG -- : REQUESTING PAGE: GET / with {} and HTTP headers {}
D, [2014-10-07T08:09:03.475204 #19168] DEBUG -- : REQUESTING PAGE: POST /hola with {"nombre"=>"Israel"} and HTTP headers {"HTTP_REFERER"=>"/"}
D, [2014-10-07T08:09:56.135736 #19241] DEBUG -- : REQUESTING PAGE: GET / with {} and HTTP headers {}
D, [2014-10-07T08:09:56.193675 #19241] DEBUG -- : REQUESTING PAGE: POST /hola with {"nombre"=>"Israel"} and HTTP headers {"HTTP_REFERER"=>"/"}
D, [2014-10-07T08:14:24.801270 #19499] DEBUG -- : REQUESTING PAGE: GET / with {} and HTTP headers {}
D, [2014-10-07T08:14:24.838236 #19499] DEBUG -- : REQUESTING PAGE: POST /hola with {"nombre"=>"Israel"} and HTTP headers {"HTTP_REFERER"=>"/"}
D, [2014-10-07T08:17:46.886704 #19588] DEBUG -- : REQUESTING PAGE: GET / with {} and HTTP headers {}
D, [2014-10-07T08:17:46.924731 #19588] DEBUG -- : REQUESTING PAGE: POST /hola with {"nombre"=>"Israel"} and HTTP headers {"HTTP_REFERER"=>"/"}
D, [2014-10-07T08:17:46.929303 #19588] DEBUG -- : REQUESTING PAGE: GET / with {} and HTTP headers {}
D, [2014-10-07T08:17:46.931800 #19588] DEBUG -- : REQUESTING PAGE: POST /hola with {"nombre"=>"erika"} and HTTP headers {"HTTP_REFERER"=>"/"}
D, [2014-10-07T08:20:41.851520 #19687] DEBUG -- : REQUESTING PAGE: GET / with {} and HTTP headers {}
D, [2014-10-07T08:20:42.147189 #19687] DEBUG -- : REQUESTING PAGE: POST /hola with {"nombre"=>"Israel"} and HTTP headers {"HTTP_REFERER"=>"/"}
D, [2014-10-07T08:20:42.163238 #19687] DEBUG -- : REQUESTING PAGE: GET / with {} and HTTP headers {}
D, [2014-10-07T08:20:42.165891 #19687] DEBUG -- : REQUESTING PAGE: POST /hola with {"nombre"=>"erika"} and HTTP headers {"HTTP_REFERER"=>"/"}
D, [2014-10-07T08:27:47.407594 #19943] DEBUG -- : REQUESTING PAGE: GET / with {} and HTTP headers {}
D, [2014-10-07T08:27:47.445882 #19943] DEBUG -- : REQUESTING PAGE: POST /hola with {"nombre"=>"\"franz\""} and HTTP headers {"HTTP_REFERER"=>"/"}
D, [2014-10-07T08:27:47.449742 #19943] DEBUG -- : REQUESTING PAGE: GET / with {} and HTTP headers {}
D, [2014-10-07T08:27:47.452596 #19943] DEBUG -- : REQUESTING PAGE: POST /hola with {"nombre"=>"\"guido\""} and HTTP headers {"HTTP_REFERER"=>"/"}
D, [2014-10-07T08:29:02.510120 #20024] DEBUG -- : REQUESTING PAGE: GET / with {} and HTTP headers {}
D, [2014-10-07T08:29:02.547105 #20024] DEBUG -- : REQUESTING PAGE: POST /hola with {"nombre"=>"franz"} and HTTP headers {"HTTP_REFERER"=>"/"}
D, [2014-10-07T08:29:02.550518 #20024] DEBUG -- : REQUESTING PAGE: GET / with {} and HTTP headers {}
D, [2014-10-07T08:29:02.552509 #20024] DEBUG -- : REQUESTING PAGE: POST /hola with {"nombre"=>"guido"} and HTTP headers {"HTTP_REFERER"=>"/"}
D, [2014-10-09T08:33:49.674388 #1028] DEBUG -- : REQUESTING PAGE: GET / with {} and HTTP headers {}
D, [2014-10-12T09:30:09.586956 #7180] DEBUG -- : REQUESTING PAGE: GET / with {} and HTTP headers {}
D, [2014-10-12T10:17:39.783454 #3420] DEBUG -- : REQUESTING PAGE: GET / with {} and HTTP headers {}
D, [2014-10-12T10:17:39.879840 #3420] DEBUG -- : REQUESTING PAGE: GET / with {} and HTTP headers {}
D, [2014-10-12T10:19:40.536036 #10108] DEBUG -- : REQUESTING PAGE: GET / with {} and HTTP headers {}
D, [2014-10-12T10:19:40.611829 #10108] DEBUG -- : REQUESTING PAGE: GET / with {} and HTTP headers {}
D, [2014-10-12T10:22:36.466196 #3600] DEBUG -- : REQUESTING PAGE: GET / with {} and HTTP headers {}
D, [2014-10-12T10:24:33.266664 #6308] DEBUG -- : REQUESTING PAGE: GET / with {} and HTTP headers {}
D, [2014-10-12T10:26:58.411437 #9980] DEBUG -- : REQUESTING PAGE: GET / with {} and HTTP headers {}
D, [2014-10-12T10:26:58.481657 #9980] DEBUG -- : REQUESTING PAGE: GET / with {} and HTTP headers {}
D, [2014-10-12T10:29:10.273944 #5444] DEBUG -- : REQUESTING PAGE: GET / with {} and HTTP headers {}
D, [2014-10-12T10:29:10.346993 #5444] DEBUG -- : REQUESTING PAGE: GET / with {} and HTTP headers {}
D, [2014-10-12T10:31:22.212933 #9264] DEBUG -- : REQUESTING PAGE: GET / with {} and HTTP headers {}
D, [2014-10-12T10:31:22.280313 #9264] DEBUG -- : REQUESTING PAGE: GET / with {} and HTTP headers {}
D, [2014-10-12T10:32:11.919454 #2476] DEBUG -- : REQUESTING PAGE: GET / with {} and HTTP headers {}
D, [2014-10-12T10:32:11.987684 #2476] DEBUG -- : REQUESTING PAGE: GET / with {} and HTTP headers {}
D, [2014-10-12T10:33:17.594293 #10224] DEBUG -- : REQUESTING PAGE: GET / with {} and HTTP headers {}
D, [2014-10-12T10:33:17.669342 #10224] DEBUG -- : REQUESTING PAGE: GET / with {} and HTTP headers {}
D, [2014-10-12T10:34:21.426909 #184] DEBUG -- : REQUESTING PAGE: GET / with {} and HTTP headers {}
D, [2014-10-12T10:34:21.496955 #184] DEBUG -- : REQUESTING PAGE: GET / with {} and HTTP headers {}
D, [2014-10-12T10:35:16.263467 #8212] DEBUG -- : REQUESTING PAGE: GET / with {} and HTTP headers {}
D, [2014-10-12T10:35:16.332655 #8212] DEBUG -- : REQUESTING PAGE: GET / with {} and HTTP headers {}
D, [2014-10-12T10:37:08.266085 #9656] DEBUG -- : REQUESTING PAGE: GET / with {} and HTTP headers {}
D, [2014-10-12T10:37:08.339612 #9656] DEBUG -- : REQUESTING PAGE: GET / with {} and HTTP headers {}
D, [2014-10-12T10:38:39.040054 #448] DEBUG -- : REQUESTING PAGE: GET / with {} and HTTP headers {}
D, [2014-10-12T10:38:39.110469 #448] DEBUG -- : REQUESTING PAGE: GET / with {} and HTTP headers {}
D, [2014-10-12T10:42:06.428924 #3468] DEBUG -- : REQUESTING PAGE: GET / with {} and HTTP headers {}
D, [2014-10-12T10:42:06.502912 #3468] DEBUG -- : REQUESTING PAGE: GET / with {} and HTTP headers {}
D, [2014-10-12T10:43:58.580446 #2516] DEBUG -- : REQUESTING PAGE: GET / with {} and HTTP headers {}
D, [2014-10-12T10:43:58.655872 #2516] DEBUG -- : REQUESTING PAGE: GET / with {} and HTTP headers {}
D, [2014-10-12T10:46:04.420058 #6808] DEBUG -- : REQUESTING PAGE: GET / with {} and HTTP headers {}
D, [2014-10-12T10:46:04.489248 #6808] DEBUG -- : REQUESTING PAGE: GET / with {} and HTTP headers {}
D, [2014-10-12T10:48:19.167974 #2168] DEBUG -- : REQUESTING PAGE: GET / with {} and HTTP headers {}
D, [2014-10-12T10:48:19.243024 #2168] DEBUG -- : REQUESTING PAGE: GET / with {} and HTTP headers {}
D, [2014-10-12T10:49:32.157188 #6020] DEBUG -- : REQUESTING PAGE: GET / with {} and HTTP headers {}
D, [2014-10-12T10:49:32.229239 #6020] DEBUG -- : REQUESTING PAGE: GET / with {} and HTTP headers {}
D, [2014-10-12T10:50:00.785291 #2552] DEBUG -- : REQUESTING PAGE: GET / with {} and HTTP headers {}
D, [2014-10-12T10:50:00.852334 #2552] DEBUG -- : REQUESTING PAGE: GET / with {} and HTTP headers {}
D, [2014-10-12T17:16:28.107686 #3436] DEBUG -- : REQUESTING PAGE: GET / with {} and HTTP headers {}
D, [2014-10-12T17:16:28.187658 #3436] DEBUG -- : REQUESTING PAGE: GET / with {} and HTTP headers {}
D, [2014-10-12T17:16:28.194934 #3436] DEBUG -- : REQUESTING PAGE: GET / with {} and HTTP headers {}
D, [2014-10-12T17:18:50.887944 #8120] DEBUG -- : REQUESTING PAGE: GET / with {} and HTTP headers {}
D, [2014-10-12T17:18:50.958990 #8120] DEBUG -- : REQUESTING PAGE: GET / with {} and HTTP headers {}
D, [2014-10-12T17:18:50.965996 #8120] DEBUG -- : REQUESTING PAGE: GET / with {} and HTTP headers {}
D, [2014-10-12T17:19:17.716429 #10600] DEBUG -- : REQUESTING PAGE: GET / with {} and HTTP headers {}
D, [2014-10-12T17:19:17.799485 #10600] DEBUG -- : REQUESTING PAGE: GET / with {} and HTTP headers {}
D, [2014-10-12T17:19:17.807490 #10600] DEBUG -- : REQUESTING PAGE: GET / with {} and HTTP headers {}
D, [2014-10-12T17:21:41.244317 #10572] DEBUG -- : REQUESTING PAGE: GET / with {} and HTTP headers {}
D, [2014-10-12T17:21:41.315932 #10572] DEBUG -- : REQUESTING PAGE: GET / with {} and HTTP headers {}
D, [2014-10-12T17:21:41.322937 #10572] DEBUG -- : REQUESTING PAGE: GET / with {} and HTTP headers {}
D, [2014-10-12T17:22:18.217098 #4656] DEBUG -- : REQUESTING PAGE: GET / with {} and HTTP headers {}
D, [2014-10-12T17:22:18.286144 #4656] DEBUG -- : REQUESTING PAGE: GET / with {} and HTTP headers {}
D, [2014-10-12T17:22:18.293150 #4656] DEBUG -- : REQUESTING PAGE: GET / with {} and HTTP headers {}
D, [2014-10-12T17:25:11.146642 #4520] DEBUG -- : REQUESTING PAGE: GET / with {} and HTTP headers {}
D, [2014-10-12T17:25:11.222691 #4520] DEBUG -- : REQUESTING PAGE: GET / with {} and HTTP headers {}
D, [2014-10-12T17:25:11.229697 #4520] DEBUG -- : REQUESTING PAGE: GET / with {} and HTTP headers {}
D, [2014-10-12T17:26:11.705501 #8868] DEBUG -- : REQUESTING PAGE: GET / with {} and HTTP headers {}
D, [2014-10-12T17:26:11.773545 #8868] DEBUG -- : REQUESTING PAGE: GET / with {} and HTTP headers {}
D, [2014-10-12T17:26:11.780551 #8868] DEBUG -- : REQUESTING PAGE: GET / with {} and HTTP headers {}
D, [2014-10-12T17:27:22.197333 #6684] DEBUG -- : REQUESTING PAGE: GET / with {} and HTTP headers {}
D, [2014-10-12T17:27:22.272380 #6684] DEBUG -- : REQUESTING PAGE: GET / with {} and HTTP headers {}
D, [2014-10-12T17:27:22.279413 #6684] DEBUG -- : REQUESTING PAGE: GET / with {} and HTTP headers {}
D, [2014-10-12T17:30:44.711966 #6880] DEBUG -- : REQUESTING PAGE: GET / with {} and HTTP headers {}
D, [2014-10-12T17:30:44.789007 #6880] DEBUG -- : REQUESTING PAGE: GET / with {} and HTTP headers {}
D, [2014-10-12T17:30:44.795978 #6880] DEBUG -- : REQUESTING PAGE: GET / with {} and HTTP headers {}
D, [2014-10-12T17:32:59.814457 #10356] DEBUG -- : REQUESTING PAGE: GET / with {} and HTTP headers {}
D, [2014-10-12T17:32:59.886417 #10356] DEBUG -- : REQUESTING PAGE: GET / with {} and HTTP headers {}
D, [2014-10-12T17:32:59.893422 #10356] DEBUG -- : REQUESTING PAGE: GET / with {} and HTTP headers {}
D, [2014-10-12T17:33:54.370064 #9152] DEBUG -- : REQUESTING PAGE: GET / with {} and HTTP headers {}
D, [2014-10-12T17:33:54.445084 #9152] DEBUG -- : REQUESTING PAGE: GET / with {} and HTTP headers {}
D, [2014-10-12T17:33:54.452090 #9152] DEBUG -- : REQUESTING PAGE: GET / with {} and HTTP headers {}
D, [2014-10-12T17:35:53.799152 #2896] DEBUG -- : REQUESTING PAGE: GET / with {} and HTTP headers {}
D, [2014-10-12T17:35:53.871200 #2896] DEBUG -- : REQUESTING PAGE: GET / with {} and HTTP headers {}
D, [2014-10-12T17:35:53.878205 #2896] DEBUG -- : REQUESTING PAGE: GET / with {} and HTTP headers {}
D, [2014-10-12T17:41:29.581074 #6204] DEBUG -- : REQUESTING PAGE: GET / with {} and HTTP headers {}
D, [2014-10-12T17:41:29.655901 #6204] DEBUG -- : REQUESTING PAGE: GET / with {} and HTTP headers {}
D, [2014-10-12T17:41:29.662941 #6204] DEBUG -- : REQUESTING PAGE: GET / with {} and HTTP headers {}
D, [2014-10-12T17:42:14.367404 #4780] DEBUG -- : REQUESTING PAGE: GET / with {} and HTTP headers {}
D, [2014-10-12T17:42:14.439649 #4780] DEBUG -- : REQUESTING PAGE: GET / with {} and HTTP headers {}
D, [2014-10-12T17:42:14.446653 #4780] DEBUG -- : REQUESTING PAGE: GET / with {} and HTTP headers {}
D, [2014-10-12T17:44:18.492669 #8868] DEBUG -- : REQUESTING PAGE: GET / with {} and HTTP headers {}
D, [2014-10-12T17:44:18.587731 #8868] DEBUG -- : REQUESTING PAGE: GET / with {} and HTTP headers {}
D, [2014-10-12T17:44:18.596738 #8868] DEBUG -- : REQUESTING PAGE: GET / with {} and HTTP headers {}
D, [2014-10-12T17:45:03.274566 #11144] DEBUG -- : REQUESTING PAGE: GET / with {} and HTTP headers {}
D, [2014-10-12T17:45:03.345611 #11144] DEBUG -- : REQUESTING PAGE: GET / with {} and HTTP headers {}
D, [2014-10-12T17:45:03.352616 #11144] DEBUG -- : REQUESTING PAGE: GET / with {} and HTTP headers {}
D, [2014-10-12T17:46:19.378632 #5432] DEBUG -- : REQUESTING PAGE: GET / with {} and HTTP headers {}
D, [2014-10-12T17:46:19.447926 #5432] DEBUG -- : REQUESTING PAGE: GET / with {} and HTTP headers {}
D, [2014-10-12T17:46:19.453932 #5432] DEBUG -- : REQUESTING PAGE: GET / with {} and HTTP headers {}
D, [2014-10-12T17:46:54.754691 #3784] DEBUG -- : REQUESTING PAGE: GET / with {} and HTTP headers {}
D, [2014-10-12T17:46:54.824161 #3784] DEBUG -- : REQUESTING PAGE: GET / with {} and HTTP headers {}
D, [2014-10-12T17:46:54.831164 #3784] DEBUG -- : REQUESTING PAGE: GET / with {} and HTTP headers {}
D, [2014-10-12T17:47:26.936639 #9468] DEBUG -- : REQUESTING PAGE: GET / with {} and HTTP headers {}
D, [2014-10-12T17:47:27.005685 #9468] DEBUG -- : REQUESTING PAGE: GET / with {} and HTTP headers {}
D, [2014-10-12T17:47:27.012853 #9468] DEBUG -- : REQUESTING PAGE: GET / with {} and HTTP headers {}
D, [2014-10-12T17:49:05.772108 #10512] DEBUG -- : REQUESTING PAGE: GET / with {} and HTTP headers {}
D, [2014-10-12T17:49:05.841778 #10512] DEBUG -- : REQUESTING PAGE: GET / with {} and HTTP headers {}
D, [2014-10-12T17:49:05.848863 #10512] DEBUG -- : REQUESTING PAGE: GET / with {} and HTTP headers {}
D, [2014-10-12T17:51:17.128199 #11008] DEBUG -- : REQUESTING PAGE: GET / with {} and HTTP headers {}
D, [2014-10-12T17:51:17.206252 #11008] DEBUG -- : REQUESTING PAGE: GET / with {} and HTTP headers {}
D, [2014-10-12T17:51:17.213777 #11008] DEBUG -- : REQUESTING PAGE: GET / with {} and HTTP headers {}
D, [2014-10-12T20:49:42.816327 #10932] DEBUG -- : REQUESTING PAGE: GET / with {} and HTTP headers {}
D, [2014-10-12T20:49:43.041199 #10932] DEBUG -- : REQUESTING PAGE: GET / with {} and HTTP headers {}
D, [2014-10-12T20:49:43.052208 #10932] DEBUG -- : REQUESTING PAGE: GET / with {} and HTTP headers {}
D, [2014-10-12T20:51:12.480151 #7092] DEBUG -- : REQUESTING PAGE: GET / with {} and HTTP headers {}
D, [2014-10-12T20:51:12.549196 #7092] DEBUG -- : REQUESTING PAGE: GET / with {} and HTTP headers {}
D, [2014-10-12T20:51:12.562204 #7092] DEBUG -- : REQUESTING PAGE: GET / with {} and HTTP headers {}
D, [2014-10-12T20:52:35.504294 #3512] DEBUG -- : REQUESTING PAGE: GET / with {} and HTTP headers {}
D, [2014-10-12T20:52:35.577301 #3512] DEBUG -- : REQUESTING PAGE: GET / with {} and HTTP headers {}
D, [2014-10-12T20:52:35.585260 #3512] DEBUG -- : REQUESTING PAGE: GET /jugadores with {} and HTTP headers {}
D, [2014-10-12T20:52:35.595435 #3512] DEBUG -- : REQUESTING PAGE: GET / with {} and HTTP headers {}
D, [2014-10-12T21:31:53.300036 #7140] DEBUG -- : REQUESTING PAGE: GET / with {} and HTTP headers {}
D, [2014-10-12T21:31:53.379318 #7140] DEBUG -- : REQUESTING PAGE: GET / with {} and HTTP headers {}
D, [2014-10-12T21:31:53.386323 #7140] DEBUG -- : REQUESTING PAGE: GET /jugadores with {} and HTTP headers {}
D, [2014-10-12T21:31:53.397864 #7140] DEBUG -- : REQUESTING PAGE: GET /jugadores with {} and HTTP headers {}
D, [2014-10-12T21:31:53.405528 #7140] DEBUG -- : REQUESTING PAGE: GET / with {} and HTTP headers {}
D, [2014-10-12T21:35:48.315672 #6288] DEBUG -- : REQUESTING PAGE: GET / with {} and HTTP headers {}
D, [2014-10-12T21:35:48.391721 #6288] DEBUG -- : REQUESTING PAGE: GET / with {} and HTTP headers {}
D, [2014-10-12T21:35:48.398728 #6288] DEBUG -- : REQUESTING PAGE: GET /jugadores with {} and HTTP headers {}
D, [2014-10-12T21:35:48.409051 #6288] DEBUG -- : REQUESTING PAGE: GET /jugadores with {} and HTTP headers {}
D, [2014-10-12T21:35:48.416668 #6288] DEBUG -- : REQUESTING PAGE: GET / with {} and HTTP headers {}
D, [2014-10-12T21:41:44.241969 #6820] DEBUG -- : REQUESTING PAGE: GET / with {} and HTTP headers {}
D, [2014-10-12T21:41:44.320023 #6820] DEBUG -- : REQUESTING PAGE: GET / with {} and HTTP headers {}
D, [2014-10-12T21:41:44.327026 #6820] DEBUG -- : REQUESTING PAGE: GET /jugadores with {} and HTTP headers {}
D, [2014-10-12T21:41:44.338035 #6820] DEBUG -- : REQUESTING PAGE: GET /jugadores with {} and HTTP headers {}
D, [2014-10-12T21:41:44.345038 #6820] DEBUG -- : REQUESTING PAGE: GET / with {} and HTTP headers {}
D, [2014-10-12T21:50:28.114855 #11048] DEBUG -- : REQUESTING PAGE: GET / with {} and HTTP headers {}
D, [2014-10-12T21:50:28.200913 #11048] DEBUG -- : REQUESTING PAGE: GET / with {} and HTTP headers {}
D, [2014-10-12T21:50:28.208725 #11048] DEBUG -- : REQUESTING PAGE: GET /jugadores with {} and HTTP headers {}
D, [2014-10-12T21:50:28.219765 #11048] DEBUG -- : REQUESTING PAGE: GET /jugadores with {} and HTTP headers {}
D, [2014-10-12T21:50:28.226771 #11048] DEBUG -- : REQUESTING PAGE: GET / with {} and HTTP headers {}
D, [2014-10-12T21:54:23.707487 #2900] DEBUG -- : REQUESTING PAGE: GET / with {} and HTTP headers {}
D, [2014-10-12T21:54:23.788191 #2900] DEBUG -- : REQUESTING PAGE: GET / with {} and HTTP headers {}
D, [2014-10-12T21:54:23.795198 #2900] DEBUG -- : REQUESTING PAGE: GET /jugadores with {} and HTTP headers {}
D, [2014-10-12T21:54:23.806425 #2900] DEBUG -- : REQUESTING PAGE: GET /jugadores with {} and HTTP headers {}
D, [2014-10-12T21:54:23.817945 #2900] DEBUG -- : REQUESTING PAGE: GET / with {} and HTTP headers {}
D, [2014-10-12T22:02:26.391268 #4848] DEBUG -- : REQUESTING PAGE: GET / with {} and HTTP headers {}
D, [2014-10-12T22:02:26.469318 #4848] DEBUG -- : REQUESTING PAGE: GET / with {} and HTTP headers {}
D, [2014-10-12T22:02:26.478326 #4848] DEBUG -- : REQUESTING PAGE: GET /jugadores with {} and HTTP headers {}
D, [2014-10-12T22:02:26.488984 #4848] DEBUG -- : REQUESTING PAGE: GET /jugadores with {} and HTTP headers {}
D, [2014-10-12T22:02:26.495337 #4848] DEBUG -- : REQUESTING PAGE: GET / with {} and HTTP headers {}
D, [2014-10-12T22:04:03.863058 #6672] DEBUG -- : REQUESTING PAGE: GET / with {} and HTTP headers {}
D, [2014-10-12T22:04:03.940101 #6672] DEBUG -- : REQUESTING PAGE: GET / with {} and HTTP headers {}
D, [2014-10-12T22:04:03.947111 #6672] DEBUG -- : REQUESTING PAGE: GET /jugadores with {} and HTTP headers {}
D, [2014-10-12T22:04:03.959097 #6672] DEBUG -- : REQUESTING PAGE: GET /jugadores with {} and HTTP headers {}
D, [2014-10-12T22:04:03.969103 #6672] DEBUG -- : REQUESTING PAGE: GET / with {} and HTTP headers {}
D, [2014-10-12T22:05:42.772502 #2416] DEBUG -- : REQUESTING PAGE: GET / with {} and HTTP headers {}
D, [2014-10-12T22:05:42.847552 #2416] DEBUG -- : REQUESTING PAGE: GET / with {} and HTTP headers {}
D, [2014-10-12T22:05:42.854326 #2416] DEBUG -- : REQUESTING PAGE: GET /jugadores with {} and HTTP headers {}
D, [2014-10-12T22:05:42.864331 #2416] DEBUG -- : REQUESTING PAGE: GET /jugadores with {} and HTTP headers {}
D, [2014-10-12T22:05:42.874921 #2416] DEBUG -- : REQUESTING PAGE: GET / with {} and HTTP headers {}
D, [2014-10-12T22:25:13.331806 #3200] DEBUG -- : REQUESTING PAGE: GET / with {} and HTTP headers {}
D, [2014-10-12T22:25:13.398850 #3200] DEBUG -- : REQUESTING PAGE: GET / with {} and HTTP headers {}
D, [2014-10-12T22:25:13.406855 #3200] DEBUG -- : REQUESTING PAGE: GET /jugadores with {} and HTTP headers {}
D, [2014-10-12T22:25:13.415862 #3200] DEBUG -- : REQUESTING PAGE: GET /jugadores with {} and HTTP headers {}
D, [2014-10-12T22:25:13.425867 #3200] DEBUG -- : REQUESTING PAGE: GET / with {} and HTTP headers {}
D, [2014-10-12T23:52:26.618933 #6452] DEBUG -- : REQUESTING PAGE: GET /jugadores with {} and HTTP headers {}
D, [2014-10-12T23:52:26.689495 #6452] DEBUG -- : REQUESTING PAGE: GET / with {} and HTTP headers {}
D, [2014-10-12T23:52:26.702503 #6452] DEBUG -- : REQUESTING PAGE: GET / with {} and HTTP headers {}
D, [2014-10-12T23:52:26.709507 #6452] DEBUG -- : REQUESTING PAGE: GET /jugadores with {} and HTTP headers {}
D, [2014-10-12T23:52:26.718514 #6452] DEBUG -- : REQUESTING PAGE: GET /jugadores with {} and HTTP headers {}
D, [2014-10-12T23:52:26.729521 #6452] DEBUG -- : REQUESTING PAGE: GET / with {} and HTTP headers {}
D, [2014-10-12T23:54:00.393953 #7292] DEBUG -- : REQUESTING PAGE: GET /jugadores with {} and HTTP headers {}
D, [2014-10-12T23:54:00.464182 #7292] DEBUG -- : REQUESTING PAGE: GET / with {} and HTTP headers {}
D, [2014-10-12T23:54:00.478192 #7292] DEBUG -- : REQUESTING PAGE: GET / with {} and HTTP headers {}
D, [2014-10-12T23:54:00.485190 #7292] DEBUG -- : REQUESTING PAGE: GET /jugadores with {} and HTTP headers {}
D, [2014-10-12T23:54:00.495178 #7292] DEBUG -- : REQUESTING PAGE: GET /jugadores with {} and HTTP headers {}
D, [2014-10-12T23:54:00.506022 #7292] DEBUG -- : REQUESTING PAGE: GET / with {} and HTTP headers {}
D, [2014-10-13T23:10:00.856555 #6736] DEBUG -- : REQUESTING PAGE: GET /jugadores with {} and HTTP headers {}
D, [2014-10-13T23:10:00.955231 #6736] DEBUG -- : REQUESTING PAGE: GET / with {} and HTTP headers {}
D, [2014-10-13T23:10:00.970239 #6736] DEBUG -- : REQUESTING PAGE: GET / with {} and HTTP headers {}
D, [2014-10-13T23:10:00.978245 #6736] DEBUG -- : REQUESTING PAGE: GET /jugadores with {} and HTTP headers {}
D, [2014-10-13T23:10:00.990252 #6736] DEBUG -- : REQUESTING PAGE: GET /jugadores with {} and HTTP headers {}
D, [2014-10-13T23:10:01.002245 #6736] DEBUG -- : REQUESTING PAGE: GET / with {} and HTTP headers {}
D, [2014-10-14T07:56:16.666690 #3020] DEBUG -- : REQUESTING PAGE: GET /jugadores with {} and HTTP headers {}
D, [2014-10-14T07:56:16.744818 #3020] DEBUG -- : REQUESTING PAGE: GET /jugadores with {} and HTTP headers {"HTTP_REFERER"=>"/jugadores"}
D, [2014-10-14T07:56:16.776070 #3020] DEBUG -- : REQUESTING PAGE: GET / with {} and HTTP headers {}
D, [2014-10-14T07:56:16.791697 #3020] DEBUG -- : REQUESTING PAGE: GET / with {} and HTTP headers {}
D, [2014-10-14T07:56:16.791697 #3020] DEBUG -- : REQUESTING PAGE: GET /jugadores with {} and HTTP headers {}
D, [2014-10-14T07:56:16.807322 #3020] DEBUG -- : REQUESTING PAGE: GET /jugadores with {} and HTTP headers {}
D, [2014-10-14T07:56:16.822948 #3020] DEBUG -- : REQUESTING PAGE: GET / with {} and HTTP headers {}
D, [2014-10-14T07:56:16.822948 #3020] DEBUG -- : REQUESTING PAGE: POST /jugadores with {"jugador1"=>"<valor>", "jugador2"=>"<valor>"} and HTTP headers {"HTTP_REFERER"=>"/"}
D, [2014-10-14T08:01:51.983098 #5136] DEBUG -- : REQUESTING PAGE: GET /jugadores with {} and HTTP headers {}
D, [2014-10-14T08:01:52.029977 #5136] DEBUG -- : REQUESTING PAGE: GET /jugadores with {} and HTTP headers {"HTTP_REFERER"=>"/jugadores"}
D, [2014-10-14T08:01:52.061228 #5136] DEBUG -- : REQUESTING PAGE: GET / with {} and HTTP headers {}
D, [2014-10-14T08:01:52.061228 #5136] DEBUG -- : REQUESTING PAGE: GET / with {} and HTTP headers {}
D, [2014-10-14T08:01:52.061228 #5136] DEBUG -- : REQUESTING PAGE: GET /jugadores with {} and HTTP headers {}
D, [2014-10-14T08:01:52.076850 #5136] DEBUG -- : REQUESTING PAGE: GET /jugadores with {} and HTTP headers {}
D, [2014-10-14T08:01:52.092478 #5136] DEBUG -- : REQUESTING PAGE: GET / with {} and HTTP headers {}
D, [2014-10-14T08:01:52.092478 #5136] DEBUG -- : REQUESTING PAGE: POST /jugadores with {"jugador1"=>"<valor>", "jugador2"=>"<valor>"} and HTTP headers {"HTTP_REFERER"=>"/"}
D, [2014-10-14T08:14:07.411800 #4084] DEBUG -- : REQUESTING PAGE: GET /jugadores with {} and HTTP headers {}
D, [2014-10-14T08:14:07.493852 #4084] DEBUG -- : REQUESTING PAGE: GET /jugadores with {} and HTTP headers {"HTTP_REFERER"=>"/jugadores"}
D, [2014-10-14T08:14:07.528878 #4084] DEBUG -- : REQUESTING PAGE: GET / with {} and HTTP headers {}
D, [2014-10-14T08:14:07.537882 #4084] DEBUG -- : REQUESTING PAGE: GET / with {} and HTTP headers {}
D, [2014-10-14T08:14:07.546887 #4084] DEBUG -- : REQUESTING PAGE: GET /jugadores with {} and HTTP headers {}
D, [2014-10-14T08:14:07.556894 #4084] DEBUG -- : REQUESTING PAGE: GET /jugadores with {} and HTTP headers {}
D, [2014-10-14T08:14:07.582911 #4084] DEBUG -- : REQUESTING PAGE: GET / with {} and HTTP headers {}
D, [2014-10-14T08:14:07.591918 #4084] DEBUG -- : REQUESTING PAGE: POST /jugadores with {"jugador1"=>"<valor>", "jugador2"=>"<valor>"} and HTTP headers {"HTTP_REFERER"=>"/"}
D, [2014-10-14T08:27:18.108238 #8056] DEBUG -- : REQUESTING PAGE: GET /jugadores with {} and HTTP headers {}
D, [2014-10-14T08:27:18.198297 #8056] DEBUG -- : REQUESTING PAGE: GET /jugadores with {} and HTTP headers {"HTTP_REFERER"=>"/jugadores"}
D, [2014-10-14T08:27:18.230321 #8056] DEBUG -- : REQUESTING PAGE: GET / with {} and HTTP headers {}
D, [2014-10-14T08:27:18.238327 #8056] DEBUG -- : REQUESTING PAGE: GET / with {} and HTTP headers {}
D, [2014-10-14T08:27:18.246332 #8056] DEBUG -- : REQUESTING PAGE: GET /jugadores with {} and HTTP headers {}
D, [2014-10-14T08:27:18.257339 #8056] DEBUG -- : REQUESTING PAGE: GET /jugadores with {} and HTTP headers {}
D, [2014-10-14T08:27:18.281352 #8056] DEBUG -- : REQUESTING PAGE: GET / with {} and HTTP headers {}
D, [2014-10-14T08:27:18.291361 #8056] DEBUG -- : REQUESTING PAGE: POST /jugadores with {"jugador1"=>"<valor>", "jugador2"=>"<valor>"} and HTTP headers {"HTTP_REFERER"=>"/"}
D, [2014-10-15T22:53:43.723374 #4744] DEBUG -- : REQUESTING PAGE: GET /jugadores with {} and HTTP headers {}
D, [2014-10-15T22:53:43.818399 #4744] DEBUG -- : REQUESTING PAGE: GET /jugadores with {} and HTTP headers {"HTTP_REFERER"=>"/jugadores"}
D, [2014-10-15T22:53:43.840966 #4744] DEBUG -- : REQUESTING PAGE: GET / with {} and HTTP headers {}
D, [2014-10-15T22:53:43.849972 #4744] DEBUG -- : REQUESTING PAGE: GET / with {} and HTTP headers {}
D, [2014-10-15T22:53:43.860979 #4744] DEBUG -- : REQUESTING PAGE: GET /jugadores with {} and HTTP headers {}
D, [2014-10-15T22:53:43.869984 #4744] DEBUG -- : REQUESTING PAGE: GET /jugadores with {} and HTTP headers {}
D, [2014-10-15T22:53:43.885994 #4744] DEBUG -- : REQUESTING PAGE: GET / with {} and HTTP headers {}
D, [2014-10-15T22:53:43.896002 #4744] DEBUG -- : REQUESTING PAGE: POST /jugadores with {"jugador1"=>"<valor>", "jugador2"=>"<valor>"} and HTTP headers {"HTTP_REFERER"=>"/"}
D, [2014-10-15T23:11:59.576864 #6052] DEBUG -- : REQUESTING PAGE: GET /jugadores with {} and HTTP headers {}
D, [2014-10-15T23:11:59.639906 #6052] DEBUG -- : REQUESTING PAGE: GET /jugadores with {} and HTTP headers {"HTTP_REFERER"=>"/jugadores"}
D, [2014-10-15T23:11:59.657918 #6052] DEBUG -- : REQUESTING PAGE: GET / with {} and HTTP headers {}
D, [2014-10-15T23:11:59.664923 #6052] DEBUG -- : REQUESTING PAGE: GET / with {} and HTTP headers {}
D, [2014-10-15T23:11:59.669925 #6052] DEBUG -- : REQUESTING PAGE: GET /jugadores with {} and HTTP headers {}
D, [2014-10-15T23:11:59.677101 #6052] DEBUG -- : REQUESTING PAGE: GET /jugadores with {} and HTTP headers {}
D, [2014-10-15T23:11:59.688107 #6052] DEBUG -- : REQUESTING PAGE: GET / with {} and HTTP headers {}
D, [2014-10-15T23:11:59.695112 #6052] DEBUG -- : REQUESTING PAGE: POST /jugadores with {"jugador1"=>"<valor>", "jugador2"=>"<valor>"} and HTTP headers {"HTTP_REFERER"=>"/"}
D, [2014-10-15T23:17:12.374488 #6040] DEBUG -- : REQUESTING PAGE: GET /jugadores with {} and HTTP headers {}
D, [2014-10-15T23:17:12.441689 #6040] DEBUG -- : REQUESTING PAGE: GET /jugadores with {} and HTTP headers {"HTTP_REFERER"=>"/jugadores"}
D, [2014-10-15T23:17:12.479553 #6040] DEBUG -- : REQUESTING PAGE: GET / with {} and HTTP headers {}
D, [2014-10-15T23:17:12.491561 #6040] DEBUG -- : REQUESTING PAGE: GET / with {} and HTTP headers {}
D, [2014-10-15T23:17:12.498567 #6040] DEBUG -- : REQUESTING PAGE: GET /jugadores with {} and HTTP headers {}
D, [2014-10-15T23:17:12.505103 #6040] DEBUG -- : REQUESTING PAGE: GET /jugadores with {} and HTTP headers {}
D, [2014-10-15T23:17:12.517259 #6040] DEBUG -- : REQUESTING PAGE: GET / with {} and HTTP headers {}
D, [2014-10-15T23:17:12.523695 #6040] DEBUG -- : REQUESTING PAGE: POST /jugadores with {"jugador1"=>"<valor>", "jugador2"=>"<valor>"} and HTTP headers {"HTTP_REFERER"=>"/"}
D, [2014-10-15T23:19:39.337050 #2248] DEBUG -- : REQUESTING PAGE: GET /jugadores with {} and HTTP headers {}
D, [2014-10-15T23:19:39.399090 #2248] DEBUG -- : REQUESTING PAGE: GET /jugadores with {} and HTTP headers {"HTTP_REFERER"=>"/jugadores"}
D, [2014-10-15T23:19:39.413101 #2248] DEBUG -- : REQUESTING PAGE: GET / with {} and HTTP headers {}
D, [2014-10-15T23:19:39.425107 #2248] DEBUG -- : REQUESTING PAGE: GET / with {} and HTTP headers {}
D, [2014-10-15T23:19:39.432113 #2248] DEBUG -- : REQUESTING PAGE: GET /jugadores with {} and HTTP headers {}
D, [2014-10-15T23:19:39.439118 #2248] DEBUG -- : REQUESTING PAGE: GET /jugadores with {} and HTTP headers {}
D, [2014-10-15T23:19:39.450127 #2248] DEBUG -- : REQUESTING PAGE: GET / with {} and HTTP headers {}
D, [2014-10-15T23:19:39.457104 #2248] DEBUG -- : REQUESTING PAGE: POST /jugadores with {"jugador1"=>"<valor>", "jugador2"=>"<valor>"} and HTTP headers {"HTTP_REFERER"=>"/"}
D, [2014-10-15T23:20:07.548246 #7176] DEBUG -- : REQUESTING PAGE: GET /jugadores with {} and HTTP headers {}
D, [2014-10-15T23:20:07.611286 #7176] DEBUG -- : REQUESTING PAGE: GET /jugadores with {} and HTTP headers {"HTTP_REFERER"=>"/jugadores"}
D, [2014-10-15T23:20:07.621294 #7176] DEBUG -- : REQUESTING PAGE: GET / with {} and HTTP headers {}
D, [2014-10-15T23:20:07.632300 #7176] DEBUG -- : REQUESTING PAGE: GET / with {} and HTTP headers {}
D, [2014-10-15T23:20:07.638304 #7176] DEBUG -- : REQUESTING PAGE: GET /jugadores with {} and HTTP headers {}
D, [2014-10-15T23:20:07.644308 #7176] DEBUG -- : REQUESTING PAGE: GET /jugadores with {} and HTTP headers {}
D, [2014-10-15T23:20:07.656558 #7176] DEBUG -- : REQUESTING PAGE: GET / with {} and HTTP headers {}
D, [2014-10-15T23:20:07.662612 #7176] DEBUG -- : REQUESTING PAGE: POST /jugadores with {"jugador1"=>"<valor>", "jugador2"=>"<valor>"} and HTTP headers {"HTTP_REFERER"=>"/"}
D, [2014-10-15T23:22:31.713349 #5268] DEBUG -- : REQUESTING PAGE: GET /jugadores with {} and HTTP headers {}
D, [2014-10-15T23:22:31.774860 #5268] DEBUG -- : REQUESTING PAGE: GET /jugadores with {} and HTTP headers {"HTTP_REFERER"=>"/jugadores"}
D, [2014-10-15T23:22:31.784865 #5268] DEBUG -- : REQUESTING PAGE: GET / with {} and HTTP headers {}
D, [2014-10-15T23:22:31.796872 #5268] DEBUG -- : REQUESTING PAGE: GET / with {} and HTTP headers {}
D, [2014-10-15T23:22:31.802877 #5268] DEBUG -- : REQUESTING PAGE: GET /jugadores with {} and HTTP headers {}
D, [2014-10-15T23:22:31.809882 #5268] DEBUG -- : REQUESTING PAGE: GET /jugadores with {} and HTTP headers {}
D, [2014-10-15T23:22:31.816418 #5268] DEBUG -- : REQUESTING PAGE: GET / with {} and HTTP headers {}
D, [2014-10-15T23:22:31.822589 #5268] DEBUG -- : REQUESTING PAGE: POST /jugadores with {"jugador1"=>"<valor>", "jugador2"=>"<valor>"} and HTTP headers {"HTTP_REFERER"=>"/"}
D, [2014-10-15T23:24:10.522807 #1488] DEBUG -- : REQUESTING PAGE: GET /jugadores with {} and HTTP headers {}
D, [2014-10-15T23:24:10.586851 #1488] DEBUG -- : REQUESTING PAGE: GET /jugadores with {} and HTTP headers {"HTTP_REFERER"=>"/jugadores"}
D, [2014-10-15T23:24:10.596807 #1488] DEBUG -- : REQUESTING PAGE: GET / with {} and HTTP headers {}
D, [2014-10-15T23:24:10.608814 #1488] DEBUG -- : REQUESTING PAGE: GET / with {} and HTTP headers {}
D, [2014-10-15T23:24:10.615236 #1488] DEBUG -- : REQUESTING PAGE: GET /jugadores with {} and HTTP headers {}
D, [2014-10-15T23:24:10.622240 #1488] DEBUG -- : REQUESTING PAGE: GET /jugadores with {} and HTTP headers {}
D, [2014-10-15T23:24:10.630262 #1488] DEBUG -- : REQUESTING PAGE: GET / with {} and HTTP headers {}
D, [2014-10-15T23:24:10.635634 #1488] DEBUG -- : REQUESTING PAGE: POST /jugadores with {"jugador1"=>"<valor>", "jugador2"=>"<valor>"} and HTTP headers {"HTTP_REFERER"=>"/"}
D, [2014-10-15T23:25:08.822933 #5972] DEBUG -- : REQUESTING PAGE: GET /jugadores with {} and HTTP headers {}
D, [2014-10-15T23:25:08.884973 #5972] DEBUG -- : REQUESTING PAGE: GET /jugadores with {} and HTTP headers {"HTTP_REFERER"=>"/jugadores"}
D, [2014-10-15T23:25:08.894959 #5972] DEBUG -- : REQUESTING PAGE: GET / with {} and HTTP headers {}
D, [2014-10-15T23:25:08.906968 #5972] DEBUG -- : REQUESTING PAGE: GET / with {} and HTTP headers {}
D, [2014-10-15T23:25:08.912971 #5972] DEBUG -- : REQUESTING PAGE: GET /jugadores with {} and HTTP headers {}
D, [2014-10-15T23:25:08.919975 #5972] DEBUG -- : REQUESTING PAGE: GET /jugadores with {} and HTTP headers {}
D, [2014-10-15T23:25:08.926979 #5972] DEBUG -- : REQUESTING PAGE: GET / with {} and HTTP headers {}
D, [2014-10-15T23:25:08.931983 #5972] DEBUG -- : REQUESTING PAGE: POST /jugadores with {"jugador1"=>"<valor>", "jugador2"=>"<valor>"} and HTTP headers {"HTTP_REFERER"=>"/"}
D, [2014-10-21T07:22:51.502369 #2876] DEBUG -- : REQUESTING PAGE: GET /jugadores with {} and HTTP headers {}
D, [2014-10-21T07:22:51.627377 #2876] DEBUG -- : REQUESTING PAGE: GET /jugadores with {} and HTTP headers {"HTTP_REFERER"=>"/jugadores"}
D, [2014-10-21T07:22:51.658627 #2876] DEBUG -- : REQUESTING PAGE: GET / with {} and HTTP headers {}
D, [2014-10-21T07:22:51.674253 #2876] DEBUG -- : REQUESTING PAGE: GET / with {} and HTTP headers {}
D, [2014-10-21T07:22:51.674253 #2876] DEBUG -- : REQUESTING PAGE: GET /jugadores with {} and HTTP headers {}
D, [2014-10-21T07:22:52.596173 #2876] DEBUG -- : REQUESTING PAGE: GET /jugadores with {} and HTTP headers {}
D, [2014-10-21T07:22:53.393093 #2876] DEBUG -- : REQUESTING PAGE: GET / with {} and HTTP headers {}
D, [2014-10-21T07:22:53.408713 #2876] DEBUG -- : REQUESTING PAGE: POST /jugadores with {"jugador1"=>"<valor>", "jugador2"=>"<valor>"} and HTTP headers {"HTTP_REFERER"=>"/"}
D, [2014-10-21T07:32:27.952756 #6584] DEBUG -- : REQUESTING PAGE: GET /jugadores with {} and HTTP headers {}
D, [2014-10-21T07:32:28.046511 #6584] DEBUG -- : REQUESTING PAGE: GET /jugadores with {} and HTTP headers {"HTTP_REFERER"=>"/jugadores"}
D, [2014-10-21T07:32:28.062136 #6584] DEBUG -- : REQUESTING PAGE: GET / with {} and HTTP headers {}
D, [2014-10-21T07:32:28.062136 #6584] DEBUG -- : REQUESTING PAGE: GET / with {} and HTTP headers {}
D, [2014-10-21T07:32:28.077763 #6584] DEBUG -- : REQUESTING PAGE: GET /jugadores with {} and HTTP headers {}
D, [2014-10-21T07:32:28.905935 #6584] DEBUG -- : REQUESTING PAGE: GET /jugadores with {} and HTTP headers {}
D, [2014-10-21T07:32:29.687218 #6584] DEBUG -- : REQUESTING PAGE: GET / with {} and HTTP headers {}
D, [2014-10-21T07:32:29.687218 #6584] DEBUG -- : REQUESTING PAGE: POST /jugadores with {"jugador1"=>"<valor>", "jugador2"=>"<valor>"} and HTTP headers {"HTTP_REFERER"=>"/"}
D, [2014-10-21T07:33:41.104512 #7936] DEBUG -- : REQUESTING PAGE: GET /jugadores with {} and HTTP headers {}
D, [2014-10-21T07:33:41.182641 #7936] DEBUG -- : REQUESTING PAGE: GET /jugadores with {} and HTTP headers {"HTTP_REFERER"=>"/jugadores"}
D, [2014-10-21T07:33:41.182641 #7936] DEBUG -- : REQUESTING PAGE: GET / with {} and HTTP headers {}
D, [2014-10-21T07:33:41.198268 #7936] DEBUG -- : REQUESTING PAGE: GET / with {} and HTTP headers {}
D, [2014-10-21T07:33:41.213894 #7936] DEBUG -- : REQUESTING PAGE: GET /jugadores with {} and HTTP headers {}
D, [2014-10-21T07:33:41.213894 #7936] DEBUG -- : REQUESTING PAGE: GET /jugadores with {} and HTTP headers {}
D, [2014-10-21T07:33:41.229519 #7936] DEBUG -- : REQUESTING PAGE: GET / with {} and HTTP headers {}
D, [2014-10-21T07:33:41.229519 #7936] DEBUG -- : REQUESTING PAGE: POST /jugadores with {"jugador1"=>"<valor>", "jugador2"=>"<valor>"} and HTTP headers {"HTTP_REFERER"=>"/"}
D, [2014-10-21T07:34:14.335383 #4020] DEBUG -- : REQUESTING PAGE: GET /jugadores with {} and HTTP headers {}
D, [2014-10-21T07:34:14.413512 #4020] DEBUG -- : REQUESTING PAGE: GET /jugadores with {} and HTTP headers {"HTTP_REFERER"=>"/jugadores"}
D, [2014-10-21T07:34:14.429138 #4020] DEBUG -- : REQUESTING PAGE: GET / with {} and HTTP headers {}
D, [2014-10-21T07:34:14.444764 #4020] DEBUG -- : REQUESTING PAGE: GET / with {} and HTTP headers {}
D, [2014-10-21T07:34:14.444764 #4020] DEBUG -- : REQUESTING PAGE: GET /jugadores with {} and HTTP headers {}
D, [2014-10-21T07:34:14.460389 #4020] DEBUG -- : REQUESTING PAGE: GET /jugadores with {} and HTTP headers {}
D, [2014-10-21T07:34:14.460389 #4020] DEBUG -- : REQUESTING PAGE: GET / with {} and HTTP headers {}
D, [2014-10-21T07:34:14.476016 #4020] DEBUG -- : REQUESTING PAGE: POST /jugadores with {"jugador1"=>"<valor>", "jugador2"=>"<valor>"} and HTTP headers {"HTTP_REFERER"=>"/"}
D, [2014-10-21T07:38:07.385881 #5156] DEBUG -- : REQUESTING PAGE: GET /jugadores with {} and HTTP headers {}
D, [2014-10-21T07:38:07.432759 #5156] DEBUG -- : REQUESTING PAGE: GET /jugadores with {} and HTTP headers {"HTTP_REFERER"=>"/jugadores"}
D, [2014-10-21T07:38:07.448385 #5156] DEBUG -- : REQUESTING PAGE: GET / with {} and HTTP headers {}
D, [2014-10-21T07:38:07.464010 #5156] DEBUG -- : REQUESTING PAGE: GET / with {} and HTTP headers {}
D, [2014-10-21T07:38:07.464010 #5156] DEBUG -- : REQUESTING PAGE: GET /jugadores with {} and HTTP headers {}
D, [2014-10-21T07:38:07.479635 #5156] DEBUG -- : REQUESTING PAGE: GET /jugadores with {} and HTTP headers {}
D, [2014-10-21T07:38:07.479635 #5156] DEBUG -- : REQUESTING PAGE: GET / with {} and HTTP headers {}
D, [2014-10-21T07:38:07.495260 #5156] DEBUG -- : REQUESTING PAGE: POST /jugadores with {"jugador1"=>"<valor>", "jugador2"=>"<valor>"} and HTTP headers {"HTTP_REFERER"=>"/"}
D, [2014-10-21T07:39:28.608968 #196] DEBUG -- : REQUESTING PAGE: GET /jugadores with {} and HTTP headers {}
D, [2014-10-21T07:39:28.655844 #196] DEBUG -- : REQUESTING PAGE: GET /jugadores with {} and HTTP headers {"HTTP_REFERER"=>"/jugadores"}
D, [2014-10-21T07:39:28.671469 #196] DEBUG -- : REQUESTING PAGE: GET / with {} and HTTP headers {}
D, [2014-10-21T07:39:28.687093 #196] DEBUG -- : REQUESTING PAGE: GET / with {} and HTTP headers {}
D, [2014-10-21T07:39:28.687093 #196] DEBUG -- : REQUESTING PAGE: GET /jugadores with {} and HTTP headers {}
D, [2014-10-21T07:39:28.702719 #196] DEBUG -- : REQUESTING PAGE: GET /jugadores with {} and HTTP headers {}
D, [2014-10-21T07:39:28.718348 #196] DEBUG -- : REQUESTING PAGE: GET / with {} and HTTP headers {}
D, [2014-10-21T07:39:28.718348 #196] DEBUG -- : REQUESTING PAGE: POST /jugadores with {"jugador1"=>"<valor>", "jugador2"=>"<valor>"} and HTTP headers {"HTTP_REFERER"=>"/"}
D, [2014-10-21T07:39:49.469378 #7892] DEBUG -- : REQUESTING PAGE: GET /jugadores with {} and HTTP headers {}
D, [2014-10-21T07:39:49.531881 #7892] DEBUG -- : REQUESTING PAGE: GET /jugadores with {} and HTTP headers {"HTTP_REFERER"=>"/jugadores"}
D, [2014-10-21T07:39:49.547504 #7892] DEBUG -- : REQUESTING PAGE: GET / with {} and HTTP headers {}
D, [2014-10-21T07:39:49.547504 #7892] DEBUG -- : REQUESTING PAGE: GET / with {} and HTTP headers {}
D, [2014-10-21T07:39:49.563129 #7892] DEBUG -- : REQUESTING PAGE: GET /jugadores with {} and HTTP headers {}
D, [2014-10-21T07:39:49.563129 #7892] DEBUG -- : REQUESTING PAGE: GET /jugadores with {} and HTTP headers {}
D, [2014-10-21T07:39:49.578754 #7892] DEBUG -- : REQUESTING PAGE: GET / with {} and HTTP headers {}
D, [2014-10-21T07:39:49.578754 #7892] DEBUG -- : REQUESTING PAGE: POST /jugadores with {"jugador1"=>"<valor>", "jugador2"=>"<valor>"} and HTTP headers {"HTTP_REFERER"=>"/"}
D, [2014-10-21T07:44:00.854841 #3304] DEBUG -- : REQUESTING PAGE: GET /jugadores with {} and HTTP headers {}
D, [2014-10-21T07:44:00.917345 #3304] DEBUG -- : REQUESTING PAGE: GET /jugadores with {} and HTTP headers {"HTTP_REFERER"=>"/jugadores"}
D, [2014-10-21T07:44:00.932970 #3304] DEBUG -- : REQUESTING PAGE: GET / with {} and HTTP headers {}
D, [2014-10-21T07:44:00.948599 #3304] DEBUG -- : REQUESTING PAGE: GET / with {} and HTTP headers {}
D, [2014-10-21T07:44:00.948599 #3304] DEBUG -- : REQUESTING PAGE: GET /jugadores with {} and HTTP headers {}
D, [2014-10-21T07:44:00.964222 #3304] DEBUG -- : REQUESTING PAGE: GET /jugadores with {} and HTTP headers {}
D, [2014-10-21T07:44:00.964222 #3304] DEBUG -- : REQUESTING PAGE: GET / with {} and HTTP headers {}
D, [2014-10-21T07:44:00.979847 #3304] DEBUG -- : REQUESTING PAGE: POST /jugadores with {"jugador1"=>"<valor>", "jugador2"=>"<valor>"} and HTTP headers {"HTTP_REFERER"=>"/"}
D, [2014-10-21T08:54:05.319269 #8992] DEBUG -- : REQUESTING PAGE: GET /jugadores with {} and HTTP headers {}
D, [2014-10-21T08:54:05.413027 #8992] DEBUG -- : REQUESTING PAGE: GET /jugadores with {} and HTTP headers {"HTTP_REFERER"=>"/jugadores"}
D, [2014-10-21T08:54:05.428650 #8992] DEBUG -- : REQUESTING PAGE: GET / with {} and HTTP headers {}
D, [2014-10-21T08:54:05.444275 #8992] DEBUG -- : REQUESTING PAGE: GET / with {} and HTTP headers {}
D, [2014-10-21T08:54:05.444275 #8992] DEBUG -- : REQUESTING PAGE: GET /jugadores with {} and HTTP headers {}
D, [2014-10-21T08:54:05.459901 #8992] DEBUG -- : REQUESTING PAGE: GET /jugadores with {} and HTTP headers {}
D, [2014-10-21T08:54:05.475529 #8992] DEBUG -- : REQUESTING PAGE: GET / with {} and HTTP headers {}
D, [2014-10-21T08:54:05.475529 #8992] DEBUG -- : REQUESTING PAGE: POST /jugadores with {"jugador1"=>"<valor>", "jugador2"=>"<valor>"} and HTTP headers {"HTTP_REFERER"=>"/"}
D, [2014-10-22T23:27:23.336519 #1244] DEBUG -- : REQUESTING PAGE: GET /jugadores with {} and HTTP headers {}
D, [2014-10-22T23:27:23.492768 #1244] DEBUG -- : REQUESTING PAGE: GET /jugadores with {} and HTTP headers {"HTTP_REFERER"=>"/jugadores"}
D, [2014-10-22T23:27:23.524048 #1244] DEBUG -- : REQUESTING PAGE: GET / with {} and HTTP headers {}
D, [2014-10-22T23:27:23.539645 #1244] DEBUG -- : REQUESTING PAGE: GET / with {} and HTTP headers {}
D, [2014-10-22T23:27:23.555271 #1244] DEBUG -- : REQUESTING PAGE: GET /jugadores with {} and HTTP headers {}
D, [2014-10-22T23:27:23.570897 #1244] DEBUG -- : REQUESTING PAGE: GET /jugadores with {} and HTTP headers {}
D, [2014-10-22T23:27:23.570897 #1244] DEBUG -- : REQUESTING PAGE: GET / with {} and HTTP headers {}
D, [2014-10-22T23:27:23.586523 #1244] DEBUG -- : REQUESTING PAGE: POST /jugadores with {"jugador1"=>"<valor>", "jugador2"=>"<valor>"} and HTTP headers {"HTTP_REFERER"=>"/"}
